

================================================================
== Vitis HLS Report for 'write_8_s'
================================================================
* Date:           Thu Apr 28 15:57:45 2022

* Version:        2020.2 (Build 3064766 on Wed Nov 18 09:12:47 MST 2020)
* Project:        prueba_booth
* Solution:       solution1 (Vitis Kernel Flow Target)
* Product family: virtexuplus
* Target device:  xcu200-fsgd2104-2-e


================================================================
== Performance Estimates
================================================================
+ Timing: 
    * Summary: 
    +--------+---------+----------+------------+
    |  Clock |  Target | Estimated| Uncertainty|
    +--------+---------+----------+------------+
    |ap_clk  |  3.33 ns|  2.431 ns|     0.90 ns|
    +--------+---------+----------+------------+

+ Latency: 
    * Summary: 
    +---------+---------+----------+----------+-----+-----+---------+
    |  Latency (cycles) |  Latency (absolute) |  Interval | Pipeline|
    |   min   |   max   |    min   |    max   | min | max |   Type  |
    +---------+---------+----------+----------+-----+-----+---------+
    |       79|       79|  0.263 us|  0.263 us|   79|   79|     none|
    +---------+---------+----------+----------+-----+-----+---------+

    + Detail: 
        * Instance: 
        N/A

        * Loop: 
        +--------------------+---------+---------+----------+-----------+-----------+------+----------+
        |                    |  Latency (cycles) | Iteration|  Initiation Interval  | Trip |          |
        |      Loop Name     |   min   |   max   |  Latency |  achieved |   target  | Count| Pipelined|
        +--------------------+---------+---------+----------+-----------+-----------+------+----------+
        |- VITIS_LOOP_417_1  |        9|        9|         3|          1|          1|     8|       yes|
        +--------------------+---------+---------+----------+-----------+-----------+------+----------+



================================================================
== Utilization Estimates
================================================================
* Summary: 
+---------------------+---------+------+---------+---------+-----+
|         Name        | BRAM_18K|  DSP |    FF   |   LUT   | URAM|
+---------------------+---------+------+---------+---------+-----+
|DSP                  |        -|     -|        -|        -|    -|
|Expression           |        -|     -|        0|       35|    -|
|FIFO                 |        -|     -|        -|        -|    -|
|Instance             |        -|     -|        -|        -|    -|
|Memory               |        -|     -|        -|        -|    -|
|Multiplexer          |        -|     -|        -|      406|    -|
|Register             |        -|     -|      651|        -|    -|
+---------------------+---------+------+---------+---------+-----+
|Total                |        0|     0|      651|      441|    0|
+---------------------+---------+------+---------+---------+-----+
|Available SLR        |     1440|  2280|   788160|   394080|  320|
+---------------------+---------+------+---------+---------+-----+
|Utilization SLR (%)  |        0|     0|       ~0|       ~0|    0|
+---------------------+---------+------+---------+---------+-----+
|Available            |     4320|  6840|  2364480|  1182240|  960|
+---------------------+---------+------+---------+---------+-----+
|Utilization (%)      |        0|     0|       ~0|       ~0|    0|
+---------------------+---------+------+---------+---------+-----+

+ Detail: 
    * Instance: 
    N/A

    * DSP: 
    N/A

    * Memory: 
    N/A

    * FIFO: 
    N/A

    * Expression: 
    +----------------------------------+----------+----+---+----+------------+------------+
    |           Variable Name          | Operation| DSP| FF| LUT| Bitwidth P0| Bitwidth P1|
    +----------------------------------+----------+----+---+----+------------+------------+
    |add_ln421_fu_129_p2               |         +|   0|  0|  12|           4|           1|
    |ap_block_pp0_stage0_01001         |       and|   0|  0|   2|           1|           1|
    |ap_block_state4_pp0_stage0_iter1  |       and|   0|  0|   2|           1|           1|
    |ap_block_state5_io                |       and|   0|  0|   2|           1|           1|
    |icmp_ln417_fu_135_p2              |      icmp|   0|  0|   9|           4|           5|
    |ap_block_pp0_stage0_11001         |        or|   0|  0|   2|           1|           1|
    |ap_block_state1                   |        or|   0|  0|   2|           1|           1|
    |ap_enable_pp0                     |       xor|   0|  0|   2|           1|           2|
    |ap_enable_reg_pp0_iter1           |       xor|   0|  0|   2|           2|           1|
    +----------------------------------+----------+----+---+----+------------+------------+
    |Total                             |          |   0|  0|  35|          16|          14|
    +----------------------------------+----------+----+---+----+------------+------------+

    * Multiplexer: 
    +-------------------------+-----+-----------+-----+-----------+
    |           Name          | LUT | Input Size| Bits| Total Bits|
    +-------------------------+-----+-----------+-----+-----------+
    |addr_reg_98              |    9|          2|    4|          8|
    |ap_NS_fsm                |  325|         72|    1|         72|
    |ap_done                  |    9|          2|    1|          2|
    |ap_enable_reg_pp0_iter1  |    9|          2|    1|          2|
    |ap_enable_reg_pp0_iter2  |    9|          2|    1|          2|
    |gmem1_blk_n_AW           |    9|          2|    1|          2|
    |gmem1_blk_n_B            |    9|          2|    1|          2|
    |gmem1_blk_n_W            |    9|          2|    1|          2|
    |in_r_blk_n               |    9|          2|    1|          2|
    |ptr_blk_n                |    9|          2|    1|          2|
    +-------------------------+-----+-----------+-----+-----------+
    |Total                    |  406|         90|   13|         96|
    +-------------------------+-----+-----------+-----+-----------+

    * Register: 
    +----------------------------------+-----+----+-----+-----------+
    |               Name               |  FF | LUT| Bits| Const Bits|
    +----------------------------------+-----+----+-----+-----------+
    |addr_reg_98                       |    4|   0|    4|          0|
    |ap_CS_fsm                         |   71|   0|   71|          0|
    |ap_done_reg                       |    1|   0|    1|          0|
    |ap_enable_reg_pp0_iter0           |    1|   0|    1|          0|
    |ap_enable_reg_pp0_iter1           |    1|   0|    1|          0|
    |ap_enable_reg_pp0_iter2           |    1|   0|    1|          0|
    |icmp_ln417_reg_157                |    1|   0|    1|          0|
    |icmp_ln417_reg_157_pp0_iter1_reg  |    1|   0|    1|          0|
    |tmp_reg_161                       |  512|   0|  512|          0|
    |trunc_ln_reg_141                  |   58|   0|   58|          0|
    +----------------------------------+-----+----+-----+-----------+
    |Total                             |  651|   0|  651|          0|
    +----------------------------------+-----+----+-----+-----------+



================================================================
== Interface
================================================================
* Summary: 
+----------------------+-----+-----+------------+--------------+--------------+
|       RTL Ports      | Dir | Bits|  Protocol  | Source Object|    C Type    |
+----------------------+-----+-----+------------+--------------+--------------+
|ap_clk                |   in|    1|  ap_ctrl_hs|      write<8>|  return value|
|ap_rst                |   in|    1|  ap_ctrl_hs|      write<8>|  return value|
|ap_start              |   in|    1|  ap_ctrl_hs|      write<8>|  return value|
|ap_done               |  out|    1|  ap_ctrl_hs|      write<8>|  return value|
|ap_continue           |   in|    1|  ap_ctrl_hs|      write<8>|  return value|
|ap_idle               |  out|    1|  ap_ctrl_hs|      write<8>|  return value|
|ap_ready              |  out|    1|  ap_ctrl_hs|      write<8>|  return value|
|m_axi_gmem1_AWVALID   |  out|    1|       m_axi|         gmem1|       pointer|
|m_axi_gmem1_AWREADY   |   in|    1|       m_axi|         gmem1|       pointer|
|m_axi_gmem1_AWADDR    |  out|   64|       m_axi|         gmem1|       pointer|
|m_axi_gmem1_AWID      |  out|    1|       m_axi|         gmem1|       pointer|
|m_axi_gmem1_AWLEN     |  out|   32|       m_axi|         gmem1|       pointer|
|m_axi_gmem1_AWSIZE    |  out|    3|       m_axi|         gmem1|       pointer|
|m_axi_gmem1_AWBURST   |  out|    2|       m_axi|         gmem1|       pointer|
|m_axi_gmem1_AWLOCK    |  out|    2|       m_axi|         gmem1|       pointer|
|m_axi_gmem1_AWCACHE   |  out|    4|       m_axi|         gmem1|       pointer|
|m_axi_gmem1_AWPROT    |  out|    3|       m_axi|         gmem1|       pointer|
|m_axi_gmem1_AWQOS     |  out|    4|       m_axi|         gmem1|       pointer|
|m_axi_gmem1_AWREGION  |  out|    4|       m_axi|         gmem1|       pointer|
|m_axi_gmem1_AWUSER    |  out|    1|       m_axi|         gmem1|       pointer|
|m_axi_gmem1_WVALID    |  out|    1|       m_axi|         gmem1|       pointer|
|m_axi_gmem1_WREADY    |   in|    1|       m_axi|         gmem1|       pointer|
|m_axi_gmem1_WDATA     |  out|  512|       m_axi|         gmem1|       pointer|
|m_axi_gmem1_WSTRB     |  out|   64|       m_axi|         gmem1|       pointer|
|m_axi_gmem1_WLAST     |  out|    1|       m_axi|         gmem1|       pointer|
|m_axi_gmem1_WID       |  out|    1|       m_axi|         gmem1|       pointer|
|m_axi_gmem1_WUSER     |  out|    1|       m_axi|         gmem1|       pointer|
|m_axi_gmem1_ARVALID   |  out|    1|       m_axi|         gmem1|       pointer|
|m_axi_gmem1_ARREADY   |   in|    1|       m_axi|         gmem1|       pointer|
|m_axi_gmem1_ARADDR    |  out|   64|       m_axi|         gmem1|       pointer|
|m_axi_gmem1_ARID      |  out|    1|       m_axi|         gmem1|       pointer|
|m_axi_gmem1_ARLEN     |  out|   32|       m_axi|         gmem1|       pointer|
|m_axi_gmem1_ARSIZE    |  out|    3|       m_axi|         gmem1|       pointer|
|m_axi_gmem1_ARBURST   |  out|    2|       m_axi|         gmem1|       pointer|
|m_axi_gmem1_ARLOCK    |  out|    2|       m_axi|         gmem1|       pointer|
|m_axi_gmem1_ARCACHE   |  out|    4|       m_axi|         gmem1|       pointer|
|m_axi_gmem1_ARPROT    |  out|    3|       m_axi|         gmem1|       pointer|
|m_axi_gmem1_ARQOS     |  out|    4|       m_axi|         gmem1|       pointer|
|m_axi_gmem1_ARREGION  |  out|    4|       m_axi|         gmem1|       pointer|
|m_axi_gmem1_ARUSER    |  out|    1|       m_axi|         gmem1|       pointer|
|m_axi_gmem1_RVALID    |   in|    1|       m_axi|         gmem1|       pointer|
|m_axi_gmem1_RREADY    |  out|    1|       m_axi|         gmem1|       pointer|
|m_axi_gmem1_RDATA     |   in|  512|       m_axi|         gmem1|       pointer|
|m_axi_gmem1_RLAST     |   in|    1|       m_axi|         gmem1|       pointer|
|m_axi_gmem1_RID       |   in|    1|       m_axi|         gmem1|       pointer|
|m_axi_gmem1_RUSER     |   in|    1|       m_axi|         gmem1|       pointer|
|m_axi_gmem1_RRESP     |   in|    2|       m_axi|         gmem1|       pointer|
|m_axi_gmem1_BVALID    |   in|    1|       m_axi|         gmem1|       pointer|
|m_axi_gmem1_BREADY    |  out|    1|       m_axi|         gmem1|       pointer|
|m_axi_gmem1_BRESP     |   in|    2|       m_axi|         gmem1|       pointer|
|m_axi_gmem1_BID       |   in|    1|       m_axi|         gmem1|       pointer|
|m_axi_gmem1_BUSER     |   in|    1|       m_axi|         gmem1|       pointer|
|in_r_dout             |   in|  512|     ap_fifo|          in_r|       pointer|
|in_r_empty_n          |   in|    1|     ap_fifo|          in_r|       pointer|
|in_r_read             |  out|    1|     ap_fifo|          in_r|       pointer|
|ptr_dout              |   in|   64|     ap_fifo|           ptr|       pointer|
|ptr_empty_n           |   in|    1|     ap_fifo|           ptr|       pointer|
|ptr_read              |  out|    1|     ap_fifo|           ptr|       pointer|
+----------------------+-----+-----+------------+--------------+--------------+

